<?xml version="1.0" encoding="UTF-8"?>
<testsuite name="com.parking.ParkingLotTest" tests="1" skipped="0" failures="0" errors="0" timestamp="2020-02-10T12:14:57" hostname="admin1-LIVA-Z2V" time="0.028">
  <properties/>
  <testcase name="whenGivenVehical_ShouldAddAndRetrunSizeOfParkingLotRemaing" classname="com.parking.ParkingLotTest" time="0.028"/>
  <system-out><![CDATA[]]></system-out>
  <system-err><![CDATA[]]></system-err>
</testsuite>
